<?xml version="1.0" encoding="UTF-8"?>
<testsuite xmlns:xsi="http://www.w3.org/2001/XMLSchema-instance" xsi:schemaLocation="https://maven.apache.org/surefire/maven-surefire-plugin/xsd/surefire-test-report.xsd" name="anwkernel.RunCucumberTest" time="9.786" tests="3" errors="0" skipped="0" failures="0">
  <properties>
    <property name="java.runtime.name" value="OpenJDK Runtime Environment"/>
    <property name="java.vm.version" value="17+35-2724"/>
    <property name="sun.boot.library.path" value="C:\3rdPartySoftware\1011-jdk\openjdk-17_windows-x64_bin\jdk-17\bin"/>
    <property name="maven.multiModuleProjectDirectory" value="D:\2021\1022-cuwebnapi\bdd06\anwkernel"/>
    <property name="java.vm.vendor" value="Oracle Corporation"/>
    <property name="java.vendor.url" value="https://java.oracle.com/"/>
    <property name="guice.disable.misplaced.annotation.check" value="true"/>
    <property name="path.separator" value=";"/>
    <property name="java.vm.name" value="OpenJDK 64-Bit Server VM"/>
    <property name="sun.os.patch.level" value=""/>
    <property name="user.script" value=""/>
    <property name="user.country" value="US"/>
    <property name="sun.java.launcher" value="SUN_STANDARD"/>
    <property name="java.vm.specification.name" value="Java Virtual Machine Specification"/>
    <property name="user.dir" value="D:\2021\1022-cuwebnapi\bdd06\anwkernel"/>
    <property name="java.vm.compressedOopsMode" value="32-bit"/>
    <property name="java.runtime.version" value="17+35-2724"/>
    <property name="os.arch" value="amd64"/>
    <property name="java.io.tmpdir" value="C:\Users\ADMINI~1\AppData\Local\Temp\"/>
    <property name="line.separator" value="&#10;"/>
    <property name="java.vm.specification.vendor" value="Oracle Corporation"/>
    <property name="user.variant" value=""/>
    <property name="os.name" value="Windows Server 2012 R2"/>
    <property name="classworlds.conf" value="C:\3rdPartySoftware\1011-mvn\apache-maven-3.8.3-bin\apache-maven-3.8.3\bin\m2.conf"/>
    <property name="sun.jnu.encoding" value="Cp1252"/>
    <property name="java.library.path" value="C:\3rdPartySoftware\1011-jdk\openjdk-17_windows-x64_bin\jdk-17\bin;C:\Windows\Sun\Java\bin;C:\Windows\system32;C:\Windows;C:\Windows\system32;C:\Windows;C:\Windows\System32\Wbem;C:\Windows\System32\WindowsPowerShell\v1.0\;C:\3rdPartySoftware\1011-jdk\openjdk-17_windows-x64_bin\jdk-17\bin;C:\Program Files\Microsoft VS Code\bin;C:\3rdPartySoftware\1011-mvn\apache-maven-3.8.3-bin\apache-maven-3.8.3\bin;C:\3rdPartySoftware\1011-gradle\gradle-6.9.1-all\gradle-6.9.1\bin;C:\3rdPartySoftware\1011-jdk\openjdk-17_windows-x64_bin\jdk-17\lib;C:\Program Files\Git\cmd;."/>
    <property name="maven.conf" value="C:\3rdPartySoftware\1011-mvn\apache-maven-3.8.3-bin\apache-maven-3.8.3/conf"/>
    <property name="jdk.debug" value="release"/>
    <property name="java.class.version" value="61.0"/>
    <property name="java.specification.name" value="Java Platform API Specification"/>
    <property name="sun.management.compiler" value="HotSpot 64-Bit Tiered Compilers"/>
    <property name="os.version" value="6.3"/>
    <property name="library.jansi.path" value="C:\3rdPartySoftware\1011-mvn\apache-maven-3.8.3-bin\apache-maven-3.8.3\lib\jansi-native"/>
    <property name="user.home" value="C:\Users\Administrator"/>
    <property name="user.timezone" value="America/Los_Angeles"/>
    <property name="file.encoding" value="Cp1252"/>
    <property name="java.specification.version" value="17"/>
    <property name="user.name" value="Administrator"/>
    <property name="java.class.path" value="C:\3rdPartySoftware\1011-mvn\apache-maven-3.8.3-bin\apache-maven-3.8.3\boot\plexus-classworlds-2.6.0.jar"/>
    <property name="java.vm.specification.version" value="17"/>
    <property name="sun.arch.data.model" value="64"/>
    <property name="sun.java.command" value="org.codehaus.plexus.classworlds.launcher.Launcher test"/>
    <property name="java.home" value="C:\3rdPartySoftware\1011-jdk\openjdk-17_windows-x64_bin\jdk-17"/>
    <property name="user.language" value="en"/>
    <property name="java.specification.vendor" value="Oracle Corporation"/>
    <property name="java.vm.info" value="mixed mode, sharing"/>
    <property name="java.version" value="17"/>
    <property name="native.encoding" value="Cp1252"/>
    <property name="java.vendor" value="Oracle Corporation"/>
    <property name="sun.stderr.encoding" value="cp437"/>
    <property name="maven.home" value="C:\3rdPartySoftware\1011-mvn\apache-maven-3.8.3-bin\apache-maven-3.8.3"/>
    <property name="file.separator" value="\"/>
    <property name="java.version.date" value="2021-09-14"/>
    <property name="java.vendor.url.bug" value="https://bugreport.java.com/bugreport/"/>
    <property name="sun.io.unicode.encoding" value="UnicodeLittle"/>
    <property name="sun.cpu.endian" value="little"/>
    <property name="sun.stdout.encoding" value="cp437"/>
    <property name="sun.cpu.isalist" value="amd64"/>
  </properties>
  <testcase name="Verification of Reset button" classname="API and Web Cucumber software growth" time="3.948"/>
  <testcase name="Looking for the Cheese" classname="API and Web Cucumber software growth" time="5.4"/>
  <testcase name="looking for an api scenario" classname="API and Web Cucumber software growth" time="0.001"/>
</testsuite>